Vivado Simulator 2020.2
Copyright 1986-1999, 2001-2020 Xilinx, Inc. All Rights Reserved.
Running: F:/Programs/Programming/Vivado/Vivado/2020.2/bin/unwrapped/win64.o/xelab.exe -wto 2e97165a5c1242ad8ff81dc852fa317f --incr --debug typical --relax --mt 2 -L xil_defaultlib -L secureip --snapshot parallel_tb_func_synth xil_defaultlib.parallel_tb -log elaborate.log 
Using 2 slave threads.
Starting static elaboration
Completed static elaboration
Starting simulation data flow analysis
Completed simulation data flow analysis
Time Resolution for simulation is 1ps
Compiling package std.standard
Compiling package std.textio
Compiling package ieee.std_logic_1164
Compiling package ieee.std_logic_arith
Compiling package ieee.numeric_std
Compiling package unisim.vcomponents
Compiling package ieee.vital_timing
Compiling package ieee.vital_primitives
Compiling package unisim.vpkg
Compiling architecture obuft_v of entity unisim.OBUFT [\OBUFT(1,9)(1,7)(1,4)\]
Compiling architecture ibuf_v of entity unisim.IBUF [\IBUF(1,9)(1,1)(1,4)(1,7)\]
Compiling architecture obuf_v of entity unisim.OBUF [\OBUF(1,9)(1,7)(1,4)\]
Compiling architecture lut4_v of entity unisim.LUT4 [\LUT4(init="0110011010010110")(0...]
Compiling architecture lut6_v of entity unisim.LUT6 [\LUT6(init="10011001100110010110...]
Compiling architecture lut4_v of entity unisim.LUT4 [\LUT4(init="0100011111111111")(0...]
Compiling architecture lut4_v of entity unisim.LUT4 [\LUT4(init="0000000000110101")(0...]
Compiling architecture lut6_v of entity unisim.LUT6 [\LUT6(init="01100110011001100110...]
Compiling architecture lut5_v of entity unisim.LUT5 [\LUT5(init="00000000000000000000...]
Compiling architecture lut4_v of entity unisim.LUT4 [\LUT4(init="1011111111111111")(0...]
Compiling architecture lut4_v of entity unisim.LUT4 [\LUT4(init="0000111100001000")(0...]
Compiling architecture lut5_v of entity unisim.LUT5 [\LUT5(init="00000101000101010001...]
Compiling architecture lut5_v of entity unisim.LUT5 [\LUT5(init="11111111111111111000...]
Compiling architecture lut4_v of entity unisim.LUT4 [\LUT4(init="0000000000011101")(0...]
Compiling architecture structure of entity xil_defaultlib.alu_gen_paralell [alu_gen_paralell_default]
Compiling architecture behavioral of entity xil_defaultlib.parallel_tb
Built simulation snapshot parallel_tb_func_synth
