#-----------------------------------------------------------
# Vivado v2020.2 (64-bit)
# SW Build 3064766 on Wed Nov 18 09:12:45 MST 2020
# IP Build 3064653 on Wed Nov 18 14:17:31 MST 2020
# Start of session at: Fri Sep 15 00:42:00 2023
# Process ID: 8072
# Current directory: F:/Data/university/7_sem/apvmis/labs/lab_1
# Command line: vivado.exe -gui_launcher_event rodinguilauncherevent8232 F:\Data\university\7_sem\apvmis\labs\lab_1\lab_1.xpr
# Log file: F:/Data/university/7_sem/apvmis/labs/lab_1/vivado.log
# Journal file: F:/Data/university/7_sem/apvmis/labs/lab_1\vivado.jou
#-----------------------------------------------------------
start_gui
open_project F:/Data/university/7_sem/apvmis/labs/lab_1/lab_1.xpr
INFO: [Project 1-313] Project file moved from 'F:/Data/university/7_sem/apvmis/lab_1/lab_1' since last save.
WARNING: [filemgmt 56-2] Default IP Output Path : Could not find the directory 'F:/Data/university/7_sem/apvmis/labs/lab_1/lab_1.gen/sources_1', nor could it be found using path 'F:/Data/university/7_sem/apvmis/lab_1/lab_1/lab_1.gen/sources_1'.
Scanning sources...
Finished scanning sources
INFO: [IP_Flow 19-234] Refreshing IP repositories
INFO: [IP_Flow 19-1704] No user IP repositories specified
INFO: [IP_Flow 19-2313] Loaded Vivado IP repository 'F:/Programs/Programming/Vivado/Vivado/2020.2/data/ip'.
open_project: Time (s): cpu = 00:00:10 ; elapsed = 00:00:05 . Memory (MB): peak = 1111.824 ; gain = 0.000
update_compile_order -fileset sources_1
launch_simulation
Command: launch_simulation 
INFO: [Vivado 12-5682] Launching behavioral simulation in 'F:/Data/university/7_sem/apvmis/labs/lab_1/lab_1.sim/sim_1/behav/xsim'
INFO: [SIM-utils-51] Simulation object is 'sim_1'
INFO: [SIM-utils-54] Inspecting design source files for 'parallel_tb' in fileset 'sim_1'...
INFO: [USF-XSim-97] Finding global include files...
INFO: [USF-XSim-98] Fetching design files from 'sim_1'...
INFO: [USF-XSim-2] XSim::Compile design
INFO: [USF-XSim-61] Executing 'COMPILE and ANALYZE' step in 'F:/Data/university/7_sem/apvmis/labs/lab_1/lab_1.sim/sim_1/behav/xsim'
"xvhdl --incr --relax -prj parallel_tb_vhdl.prj"
INFO: [VRFC 10-163] Analyzing VHDL file "F:/Data/university/7_sem/apvmis/labs/lab_1/lab_1.srcs/sources_1/new/main.vhd" into library xil_defaultlib
INFO: [VRFC 10-3107] analyzing entity 'alu_gen_paralell'
WARNING: [VRFC 10-3093] actual for formal port 'b' is neither a static name nor a globally static expression [F:/Data/university/7_sem/apvmis/labs/lab_1/lab_1.srcs/sources_1/new/main.vhd:60]
INFO: [VRFC 10-163] Analyzing VHDL file "F:/Data/university/7_sem/apvmis/labs/lab_1/lab_1.srcs/sim_1/new/parallel_tb.vhd" into library xil_defaultlib
INFO: [VRFC 10-3107] analyzing entity 'parallel_tb'
INFO: [USF-XSim-69] 'compile' step finished in '2' seconds
INFO: [USF-XSim-3] XSim::Elaborate design
INFO: [USF-XSim-61] Executing 'ELABORATE' step in 'F:/Data/university/7_sem/apvmis/labs/lab_1/lab_1.sim/sim_1/behav/xsim'
"xelab -wto 2e97165a5c1242ad8ff81dc852fa317f --incr --debug typical --relax --mt 2 -L xil_defaultlib -L secureip --snapshot parallel_tb_behav xil_defaultlib.parallel_tb -log elaborate.log"
Vivado Simulator 2020.2
Copyright 1986-1999, 2001-2020 Xilinx, Inc. All Rights Reserved.
Running: F:/Programs/Programming/Vivado/Vivado/2020.2/bin/unwrapped/win64.o/xelab.exe -wto 2e97165a5c1242ad8ff81dc852fa317f --incr --debug typical --relax --mt 2 -L xil_defaultlib -L secureip --snapshot parallel_tb_behav xil_defaultlib.parallel_tb -log elaborate.log 
Using 2 slave threads.
Starting static elaboration
Completed static elaboration
Starting simulation data flow analysis
Completed simulation data flow analysis
Time Resolution for simulation is 1ps
Compiling package std.standard
Compiling package std.textio
Compiling package ieee.std_logic_1164
Compiling package ieee.std_logic_arith
Compiling package ieee.numeric_std
Compiling package ieee.std_logic_unsigned
Compiling package ieee.std_logic_textio
Compiling architecture synth of entity xil_defaultlib.alu_gen_paralell [alu_gen_paralell_default]
Compiling architecture behavioral of entity xil_defaultlib.parallel_tb
Built simulation snapshot parallel_tb_behav
INFO: [USF-XSim-69] 'elaborate' step finished in '2' seconds
INFO: [USF-XSim-4] XSim::Simulate design
INFO: [USF-XSim-61] Executing 'SIMULATE' step in 'F:/Data/university/7_sem/apvmis/labs/lab_1/lab_1.sim/sim_1/behav/xsim'
INFO: [USF-XSim-98] *** Running xsim
   with args "parallel_tb_behav -key {Behavioral:sim_1:Functional:parallel_tb} -tclbatch {parallel_tb.tcl} -log {simulate.log}"
INFO: [USF-XSim-8] Loading simulator feature
Vivado Simulator 2020.2
Time resolution is 1 ps
source parallel_tb.tcl
# set curr_wave [current_wave_config]
# if { [string length $curr_wave] == 0 } {
#   if { [llength [get_objects]] > 0} {
#     add_wave /
#     set_property needs_save false [current_wave_config]
#   } else {
#      send_msg_id Add_Wave-1 WARNING "No top level signals found. Simulator will start without a wave window. If you want to open a wave window go to 'File->New Waveform Configuration' or type 'create_wave_config' in the TCL console."
#   }
# }
# run 1000ns
INFO: [USF-XSim-96] XSim completed. Design snapshot 'parallel_tb_behav' loaded.
INFO: [USF-XSim-97] XSim simulation ran for 1000ns
launch_simulation: Time (s): cpu = 00:00:09 ; elapsed = 00:00:07 . Memory (MB): peak = 1111.824 ; gain = 0.000
close_sim
INFO: [Simtcl 6-16] Simulation closed
exit
INFO: [Common 17-206] Exiting Vivado at Fri Sep 15 00:42:43 2023...
